{"uid":"91ef954e9579cc5c","name":"Test dedicated servers prices","fullName":"tests.testApi.TestPage#test_dedicated_eur","historyId":"02dbe5a571b0528f1bb26ff8441dccf0","time":{"start":1706842545881,"stop":1706842580022,"duration":34141},"description":"Check EUR and USD price","descriptionHtml":"<p>Check EUR and USD price</p>\n","status":"broken","statusMessage":"selenium.common.exceptions.TimeoutException: Message: \nStacktrace:\n\tGetHandleVerifier [0x00007FF72F052142+3514994]\n\t(No symbol) [0x00007FF72EC70CE2]\n\t(No symbol) [0x00007FF72EB176AA]\n\t(No symbol) [0x00007FF72EB61860]\n\t(No symbol) [0x00007FF72EB6197C]\n\t(No symbol) [0x00007FF72EBA4EE7]\n\t(No symbol) [0x00007FF72EB8602F]\n\t(No symbol) [0x00007FF72EBA28F6]\n\t(No symbol) [0x00007FF72EB85D93]\n\t(No symbol) [0x00007FF72EB54BDC]\n\t(No symbol) [0x00007FF72EB55C64]\n\tGetHandleVerifier [0x00007FF72F07E16B+3695259]\n\tGetHandleVerifier [0x00007FF72F0D6737+4057191]\n\tGetHandleVerifier [0x00007FF72F0CE4E3+4023827]\n\tGetHandleVerifier [0x00007FF72EDA04F9+689705]\n\t(No symbol) [0x00007FF72EC7C048]\n\t(No symbol) [0x00007FF72EC78044]\n\t(No symbol) [0x00007FF72EC781C9]\n\t(No symbol) [0x00007FF72EC688C4]\n\tBaseThreadInitThunk [0x00007FFB04ED7344+20]\n\tRtlUserThreadStart [0x00007FFB06EC26B1+33]","statusTrace":"self = <tests.testApi.TestPage object at 0x0000024918F48350>, browser = <selenium.webdriver.chrome.webdriver.WebDriver (session=\"767bd74081e49241617eb7e5d87a03c2\")>, _min = 5\n_max = 5, _ser = 3, _cur = 1\n\n    @allure.title(\"Test dedicated servers prices\")\n    @allure.description(\"Check EUR and USD price\")\n    @pytest.mark.parametrize(\"_min, _max, _ser, _cur\", [(0, 0, DEDICATED, USD),\n                                                        (5, 5, DEDICATED, USD),\n                                                        (10, 10, DEDICATED, USD),\n                                                        (0, 0, DEDICATED, EUR),\n                                                        (5, 5, DEDICATED, EUR),\n                                                        (10, 10, DEDICATED, EUR),\n                                                        (0, 0, VIRTUAL, USD),\n                                                        (5, 5, VIRTUAL, USD),\n                                                        (10, 10, VIRTUAL, USD),\n                                                        (0, 0, VIRTUAL, EUR),\n                                                        (5, 5, VIRTUAL, EUR),\n                                                        (10, 10, VIRTUAL, EUR),\n                                                        ])\n    def test_dedicated_eur(self, browser, _min, _max, _ser, _cur):\n        self.main_page = MainPage(browser, self.URL)\n        self.main_page.open()\n        sleep(3)\n        if not self.cookies_accepted:\n            self.cookies_accepted = self.main_page.accept_cookies()\n        with allure.step('Prepare default values'):\n            self.main_page.switch_to_servers(self.DEDICATED)\n            self.current_currency = self.main_page.switch_to_currency(_cur)\n            MIN_VALUE, MAX_VALUE = self.main_page.save_default_values()\n        with allure.step('Check cards'):\n            self.main_page.change_min_value(MIN_VALUE + _min)\n            self.main_page.change_max_value(MAX_VALUE - _max)\n>           cards = self.main_page.watch_cards()\n\ntests\\testApi.py:124: \n_ _ _ _ _ _ _ _ _ _ _ _ _ _ _ _ _ _ _ _ _ _ _ _ _ _ _ _ _ _ _ _ _ _ _ _ _ _ _ _ _ _ _ _ _ _ _ _ _ _ _ _ _ _ _ _ _ _ _ _ _ _ _ _ _ _ _ _ _ _ _ _ _ _ _ _ _ _ _ _ _ _ _ _ _ _ _ _ _ _\npages\\main_page.py:150: in watch_cards\n    button = self.wait.until(EC.element_to_be_clickable(hosting.SHOW_MORE_LOCATOR))\n_ _ _ _ _ _ _ _ _ _ _ _ _ _ _ _ _ _ _ _ _ _ _ _ _ _ _ _ _ _ _ _ _ _ _ _ _ _ _ _ _ _ _ _ _ _ _ _ _ _ _ _ _ _ _ _ _ _ _ _ _ _ _ _ _ _ _ _ _ _ _ _ _ _ _ _ _ _ _ _ _ _ _ _ _ _ _ _ _ _\n\nself = <selenium.webdriver.support.wait.WebDriverWait (session=\"767bd74081e49241617eb7e5d87a03c2\")>\nmethod = <function element_to_be_clickable.<locals>._predicate at 0x0000024918F94860>, message = ''\n\n    def until(self, method: Callable[[D], Union[Literal[False], T]], message: str = \"\") -> T:\n        \"\"\"Calls the method provided with the driver as an argument until the \\\n        return value does not evaluate to ``False``.\n    \n        :param method: callable(WebDriver)\n        :param message: optional message for :exc:`TimeoutException`\n        :returns: the result of the last call to `method`\n        :raises: :exc:`selenium.common.exceptions.TimeoutException` if timeout occurs\n        \"\"\"\n        screen = None\n        stacktrace = None\n    \n        end_time = time.monotonic() + self._timeout\n        while True:\n            try:\n                value = method(self._driver)\n                if value:\n                    return value\n            except self._ignored_exceptions as exc:\n                screen = getattr(exc, \"screen\", None)\n                stacktrace = getattr(exc, \"stacktrace\", None)\n            time.sleep(self._poll)\n            if time.monotonic() > end_time:\n                break\n>       raise TimeoutException(message, screen, stacktrace)\nE       selenium.common.exceptions.TimeoutException: Message: \nE       Stacktrace:\nE       \tGetHandleVerifier [0x00007FF72F052142+3514994]\nE       \t(No symbol) [0x00007FF72EC70CE2]\nE       \t(No symbol) [0x00007FF72EB176AA]\nE       \t(No symbol) [0x00007FF72EB61860]\nE       \t(No symbol) [0x00007FF72EB6197C]\nE       \t(No symbol) [0x00007FF72EBA4EE7]\nE       \t(No symbol) [0x00007FF72EB8602F]\nE       \t(No symbol) [0x00007FF72EBA28F6]\nE       \t(No symbol) [0x00007FF72EB85D93]\nE       \t(No symbol) [0x00007FF72EB54BDC]\nE       \t(No symbol) [0x00007FF72EB55C64]\nE       \tGetHandleVerifier [0x00007FF72F07E16B+3695259]\nE       \tGetHandleVerifier [0x00007FF72F0D6737+4057191]\nE       \tGetHandleVerifier [0x00007FF72F0CE4E3+4023827]\nE       \tGetHandleVerifier [0x00007FF72EDA04F9+689705]\nE       \t(No symbol) [0x00007FF72EC7C048]\nE       \t(No symbol) [0x00007FF72EC78044]\nE       \t(No symbol) [0x00007FF72EC781C9]\nE       \t(No symbol) [0x00007FF72EC688C4]\nE       \tBaseThreadInitThunk [0x00007FFB04ED7344+20]\nE       \tRtlUserThreadStart [0x00007FFB06EC26B1+33]\n\n.venv\\Lib\\site-packages\\selenium\\webdriver\\support\\wait.py:105: TimeoutException","flaky":false,"newFailed":false,"newBroken":false,"newPassed":false,"retriesCount":0,"retriesStatusChange":false,"beforeStages":[{"name":"browser","time":{"start":1706842360621,"stop":1706842363414,"duration":2793},"status":"passed","steps":[],"attachments":[],"parameters":[],"stepsCount":0,"attachmentsCount":0,"shouldDisplayMessage":false,"hasContent":false}],"testStage":{"description":"Check EUR and USD price","status":"broken","statusMessage":"selenium.common.exceptions.TimeoutException: Message: \nStacktrace:\n\tGetHandleVerifier [0x00007FF72F052142+3514994]\n\t(No symbol) [0x00007FF72EC70CE2]\n\t(No symbol) [0x00007FF72EB176AA]\n\t(No symbol) [0x00007FF72EB61860]\n\t(No symbol) [0x00007FF72EB6197C]\n\t(No symbol) [0x00007FF72EBA4EE7]\n\t(No symbol) [0x00007FF72EB8602F]\n\t(No symbol) [0x00007FF72EBA28F6]\n\t(No symbol) [0x00007FF72EB85D93]\n\t(No symbol) [0x00007FF72EB54BDC]\n\t(No symbol) [0x00007FF72EB55C64]\n\tGetHandleVerifier [0x00007FF72F07E16B+3695259]\n\tGetHandleVerifier [0x00007FF72F0D6737+4057191]\n\tGetHandleVerifier [0x00007FF72F0CE4E3+4023827]\n\tGetHandleVerifier [0x00007FF72EDA04F9+689705]\n\t(No symbol) [0x00007FF72EC7C048]\n\t(No symbol) [0x00007FF72EC78044]\n\t(No symbol) [0x00007FF72EC781C9]\n\t(No symbol) [0x00007FF72EC688C4]\n\tBaseThreadInitThunk [0x00007FFB04ED7344+20]\n\tRtlUserThreadStart [0x00007FFB06EC26B1+33]","statusTrace":"self = <tests.testApi.TestPage object at 0x0000024918F48350>, browser = <selenium.webdriver.chrome.webdriver.WebDriver (session=\"767bd74081e49241617eb7e5d87a03c2\")>, _min = 5\n_max = 5, _ser = 3, _cur = 1\n\n    @allure.title(\"Test dedicated servers prices\")\n    @allure.description(\"Check EUR and USD price\")\n    @pytest.mark.parametrize(\"_min, _max, _ser, _cur\", [(0, 0, DEDICATED, USD),\n                                                        (5, 5, DEDICATED, USD),\n                                                        (10, 10, DEDICATED, USD),\n                                                        (0, 0, DEDICATED, EUR),\n                                                        (5, 5, DEDICATED, EUR),\n                                                        (10, 10, DEDICATED, EUR),\n                                                        (0, 0, VIRTUAL, USD),\n                                                        (5, 5, VIRTUAL, USD),\n                                                        (10, 10, VIRTUAL, USD),\n                                                        (0, 0, VIRTUAL, EUR),\n                                                        (5, 5, VIRTUAL, EUR),\n                                                        (10, 10, VIRTUAL, EUR),\n                                                        ])\n    def test_dedicated_eur(self, browser, _min, _max, _ser, _cur):\n        self.main_page = MainPage(browser, self.URL)\n        self.main_page.open()\n        sleep(3)\n        if not self.cookies_accepted:\n            self.cookies_accepted = self.main_page.accept_cookies()\n        with allure.step('Prepare default values'):\n            self.main_page.switch_to_servers(self.DEDICATED)\n            self.current_currency = self.main_page.switch_to_currency(_cur)\n            MIN_VALUE, MAX_VALUE = self.main_page.save_default_values()\n        with allure.step('Check cards'):\n            self.main_page.change_min_value(MIN_VALUE + _min)\n            self.main_page.change_max_value(MAX_VALUE - _max)\n>           cards = self.main_page.watch_cards()\n\ntests\\testApi.py:124: \n_ _ _ _ _ _ _ _ _ _ _ _ _ _ _ _ _ _ _ _ _ _ _ _ _ _ _ _ _ _ _ _ _ _ _ _ _ _ _ _ _ _ _ _ _ _ _ _ _ _ _ _ _ _ _ _ _ _ _ _ _ _ _ _ _ _ _ _ _ _ _ _ _ _ _ _ _ _ _ _ _ _ _ _ _ _ _ _ _ _\npages\\main_page.py:150: in watch_cards\n    button = self.wait.until(EC.element_to_be_clickable(hosting.SHOW_MORE_LOCATOR))\n_ _ _ _ _ _ _ _ _ _ _ _ _ _ _ _ _ _ _ _ _ _ _ _ _ _ _ _ _ _ _ _ _ _ _ _ _ _ _ _ _ _ _ _ _ _ _ _ _ _ _ _ _ _ _ _ _ _ _ _ _ _ _ _ _ _ _ _ _ _ _ _ _ _ _ _ _ _ _ _ _ _ _ _ _ _ _ _ _ _\n\nself = <selenium.webdriver.support.wait.WebDriverWait (session=\"767bd74081e49241617eb7e5d87a03c2\")>\nmethod = <function element_to_be_clickable.<locals>._predicate at 0x0000024918F94860>, message = ''\n\n    def until(self, method: Callable[[D], Union[Literal[False], T]], message: str = \"\") -> T:\n        \"\"\"Calls the method provided with the driver as an argument until the \\\n        return value does not evaluate to ``False``.\n    \n        :param method: callable(WebDriver)\n        :param message: optional message for :exc:`TimeoutException`\n        :returns: the result of the last call to `method`\n        :raises: :exc:`selenium.common.exceptions.TimeoutException` if timeout occurs\n        \"\"\"\n        screen = None\n        stacktrace = None\n    \n        end_time = time.monotonic() + self._timeout\n        while True:\n            try:\n                value = method(self._driver)\n                if value:\n                    return value\n            except self._ignored_exceptions as exc:\n                screen = getattr(exc, \"screen\", None)\n                stacktrace = getattr(exc, \"stacktrace\", None)\n            time.sleep(self._poll)\n            if time.monotonic() > end_time:\n                break\n>       raise TimeoutException(message, screen, stacktrace)\nE       selenium.common.exceptions.TimeoutException: Message: \nE       Stacktrace:\nE       \tGetHandleVerifier [0x00007FF72F052142+3514994]\nE       \t(No symbol) [0x00007FF72EC70CE2]\nE       \t(No symbol) [0x00007FF72EB176AA]\nE       \t(No symbol) [0x00007FF72EB61860]\nE       \t(No symbol) [0x00007FF72EB6197C]\nE       \t(No symbol) [0x00007FF72EBA4EE7]\nE       \t(No symbol) [0x00007FF72EB8602F]\nE       \t(No symbol) [0x00007FF72EBA28F6]\nE       \t(No symbol) [0x00007FF72EB85D93]\nE       \t(No symbol) [0x00007FF72EB54BDC]\nE       \t(No symbol) [0x00007FF72EB55C64]\nE       \tGetHandleVerifier [0x00007FF72F07E16B+3695259]\nE       \tGetHandleVerifier [0x00007FF72F0D6737+4057191]\nE       \tGetHandleVerifier [0x00007FF72F0CE4E3+4023827]\nE       \tGetHandleVerifier [0x00007FF72EDA04F9+689705]\nE       \t(No symbol) [0x00007FF72EC7C048]\nE       \t(No symbol) [0x00007FF72EC78044]\nE       \t(No symbol) [0x00007FF72EC781C9]\nE       \t(No symbol) [0x00007FF72EC688C4]\nE       \tBaseThreadInitThunk [0x00007FFB04ED7344+20]\nE       \tRtlUserThreadStart [0x00007FFB06EC26B1+33]\n\n.venv\\Lib\\site-packages\\selenium\\webdriver\\support\\wait.py:105: TimeoutException","steps":[{"name":"Prepare default values","time":{"start":1706842568932,"stop":1706842569543,"duration":611},"status":"passed","steps":[],"attachments":[],"parameters":[],"stepsCount":0,"attachmentsCount":0,"shouldDisplayMessage":false,"hasContent":false},{"name":"Check cards","time":{"start":1706842569543,"stop":1706842580005,"duration":10462},"status":"broken","statusMessage":"selenium.common.exceptions.TimeoutException: Message: \nStacktrace:\n\tGetHandleVerifier [0x00007FF72F052142+3514994]\n\t(No symbol) [0x00007FF72EC70CE2]\n\t(No symbol) [0x00007FF72EB176AA]\n\t(No symbol) [0x00007FF72EB61860]\n\t(No symbol) [0x00007FF72EB6197C]\n\t(No symbol) [0x00007FF72EBA4EE7]\n\t(No symbol) [0x00007FF72EB8602F]\n\t(No symbol) [0x00007FF72EBA28F6]\n\t(No symbol) [0x00007FF72EB85D93]\n\t(No symbol) [0x00007FF72EB54BDC]\n\t(No symbol) [0x00007FF72EB55C64]\n\tGetHandleVerifier [0x00007FF72F07E16B+3695259]\n\tGetHandleVerifier [0x00007FF72F0D6737+4057191]\n\tGetHandleVerifier [0x00007FF72F0CE4E3+4023827]\n\tGetHandleVerifier [0x00007FF72EDA04F9+689705]\n\t(No symbol) [0x00007FF72EC7C048]\n\t(No symbol) [0x00007FF72EC78044]\n\t(No symbol) [0x00007FF72EC781C9]\n\t(No symbol) [0x00007FF72EC688C4]\n\tBaseThreadInitThunk [0x00007FFB04ED7344+20]\n\tRtlUserThreadStart [0x00007FFB06EC26B1+33]\n\n","statusTrace":"  File \"D:\\PyProjects\\exam\\qaa_project_gcore\\pythonProject1\\tests\\testApi.py\", line 124, in test_dedicated_eur\n    cards = self.main_page.watch_cards()\n            ^^^^^^^^^^^^^^^^^^^^^^^^^^^^\n  File \"D:\\PyProjects\\exam\\qaa_project_gcore\\pythonProject1\\pages\\main_page.py\", line 150, in watch_cards\n    button = self.wait.until(EC.element_to_be_clickable(hosting.SHOW_MORE_LOCATOR))\n             ^^^^^^^^^^^^^^^^^^^^^^^^^^^^^^^^^^^^^^^^^^^^^^^^^^^^^^^^^^^^^^^^^^^^^^\n  File \"D:\\PyProjects\\exam\\qaa_project_gcore\\pythonProject1\\.venv\\Lib\\site-packages\\selenium\\webdriver\\support\\wait.py\", line 105, in until\n    raise TimeoutException(message, screen, stacktrace)\n","steps":[],"attachments":[],"parameters":[],"stepsCount":0,"attachmentsCount":0,"shouldDisplayMessage":true,"hasContent":true}],"attachments":[{"uid":"1b3959532a4c560f","name":"stdout","source":"1b3959532a4c560f.txt","type":"text/plain","size":849}],"parameters":[],"stepsCount":2,"attachmentsCount":1,"shouldDisplayMessage":true,"hasContent":true},"afterStages":[{"name":"browser::0","time":{"start":1706842828554,"stop":1706842830736,"duration":2182},"status":"passed","steps":[],"attachments":[],"parameters":[],"stepsCount":0,"attachmentsCount":0,"shouldDisplayMessage":false,"hasContent":false}],"labels":[{"name":"parentSuite","value":"tests"},{"name":"suite","value":"testApi"},{"name":"subSuite","value":"TestPage"},{"name":"host","value":"DESKTOP-Q0K3D1C"},{"name":"thread","value":"24540-MainThread"},{"name":"framework","value":"pytest"},{"name":"language","value":"cpython3"},{"name":"package","value":"tests.testApi"},{"name":"resultFormat","value":"allure2"}],"parameters":[{"name":"_cur","value":"1"},{"name":"_max","value":"5"},{"name":"_min","value":"5"},{"name":"_ser","value":"3"}],"links":[],"hidden":true,"retry":true,"extra":{"categories":[],"tags":[]},"source":"91ef954e9579cc5c.json","parameterValues":["1","5","5","3"]}